This file contains any messages produced by compilers while
running configure, to aid debugging if configure makes a mistake.

It was created by PCem configure v14, which was
generated by GNU Autoconf 2.69.  Invocation command line was

  $ ./configure --enable-release-build

## --------- ##
## Platform. ##
## --------- ##

hostname = martin-MS-7821
uname -m = x86_64
uname -r = 4.15.0-20-generic
uname -s = Linux
uname -v = #21-Ubuntu SMP Tue Apr 24 06:16:15 UTC 2018

/usr/bin/uname -p = unknown
/bin/uname -X     = unknown

/bin/arch              = unknown
/usr/bin/arch -k       = unknown
/usr/convex/getsysinfo = unknown
/usr/bin/hostinfo      = unknown
/bin/machine           = unknown
/usr/bin/oslevel       = unknown
/bin/universe          = unknown

PATH: /usr/local/sbin
PATH: /usr/local/bin
PATH: /usr/sbin
PATH: /usr/bin
PATH: /sbin
PATH: /bin
PATH: /usr/games
PATH: /usr/local/games


## ----------- ##
## Core tests. ##
## ----------- ##

configure:2071: checking build system type
configure:2085: result: x86_64-unknown-linux-gnu
configure:2105: checking host system type
configure:2118: result: x86_64-unknown-linux-gnu
configure:2155: checking for a BSD-compatible install
configure:2223: result: /usr/bin/install -c
configure:2234: checking whether build environment is sane
configure:2289: result: yes
configure:2440: checking for a thread-safe mkdir -p
configure:2479: result: /bin/mkdir -p
configure:2486: checking for gawk
configure:2502: found /usr/bin/gawk
configure:2513: result: gawk
configure:2524: checking whether make sets $(MAKE)
configure:2546: result: yes
configure:2575: checking whether make supports nested variables
configure:2592: result: yes
configure:2766: checking for gcc
configure:2782: found /usr/bin/gcc
configure:2793: result: gcc
configure:3022: checking for C compiler version
configure:3031: gcc --version >&5
gcc (Ubuntu 7.3.0-27ubuntu1~18.04) 7.3.0
Copyright (C) 2017 Free Software Foundation, Inc.
This is free software; see the source for copying conditions.  There is NO
warranty; not even for MERCHANTABILITY or FITNESS FOR A PARTICULAR PURPOSE.

configure:3042: $? = 0
configure:3031: gcc -v >&5
Using built-in specs.
COLLECT_GCC=gcc
COLLECT_LTO_WRAPPER=/usr/lib/gcc/x86_64-linux-gnu/7/lto-wrapper
OFFLOAD_TARGET_NAMES=nvptx-none
OFFLOAD_TARGET_DEFAULT=1
Target: x86_64-linux-gnu
Configured with: ../src/configure -v --with-pkgversion='Ubuntu 7.3.0-27ubuntu1~18.04' --with-bugurl=file:///usr/share/doc/gcc-7/README.Bugs --enable-languages=c,ada,c++,go,brig,d,fortran,objc,obj-c++ --prefix=/usr --with-gcc-major-version-only --program-suffix=-7 --program-prefix=x86_64-linux-gnu- --enable-shared --enable-linker-build-id --libexecdir=/usr/lib --without-included-gettext --enable-threads=posix --libdir=/usr/lib --enable-nls --with-sysroot=/ --enable-clocale=gnu --enable-libstdcxx-debug --enable-libstdcxx-time=yes --with-default-libstdcxx-abi=new --enable-gnu-unique-object --disable-vtable-verify --enable-libmpx --enable-plugin --enable-default-pie --with-system-zlib --with-target-system-zlib --enable-objc-gc=auto --enable-multiarch --disable-werror --with-arch-32=i686 --with-abi=m64 --with-multilib-list=m32,m64,mx32 --enable-multilib --with-tune=generic --enable-offload-targets=nvptx-none --without-cuda-driver --enable-checking=release --build=x86_64-linux-gnu --host=x86_64-linux-gnu --target=x86_64-linux-gnu
Thread model: posix
gcc version 7.3.0 (Ubuntu 7.3.0-27ubuntu1~18.04) 
configure:3042: $? = 0
configure:3031: gcc -V >&5
gcc: error: unrecognized command line option '-V'
gcc: fatal error: no input files
compilation terminated.
configure:3042: $? = 1
configure:3031: gcc -qversion >&5
gcc: error: unrecognized command line option '-qversion'; did you mean '--version'?
gcc: fatal error: no input files
compilation terminated.
configure:3042: $? = 1
configure:3062: checking whether the C compiler works
configure:3084: gcc    conftest.c  >&5
configure:3088: $? = 0
configure:3136: result: yes
configure:3139: checking for C compiler default output file name
configure:3141: result: a.out
configure:3147: checking for suffix of executables
configure:3154: gcc -o conftest    conftest.c  >&5
configure:3158: $? = 0
configure:3180: result: 
configure:3202: checking whether we are cross compiling
configure:3210: gcc -o conftest    conftest.c  >&5
configure:3214: $? = 0
configure:3221: ./conftest
configure:3225: $? = 0
configure:3240: result: no
configure:3245: checking for suffix of object files
configure:3267: gcc -c   conftest.c >&5
configure:3271: $? = 0
configure:3292: result: o
configure:3296: checking whether we are using the GNU C compiler
configure:3315: gcc -c   conftest.c >&5
configure:3315: $? = 0
configure:3324: result: yes
configure:3333: checking whether gcc accepts -g
configure:3353: gcc -c -g  conftest.c >&5
configure:3353: $? = 0
configure:3394: result: yes
configure:3411: checking for gcc option to accept ISO C89
configure:3474: gcc  -c -g -O2  conftest.c >&5
configure:3474: $? = 0
configure:3487: result: none needed
configure:3512: checking whether gcc understands -c and -o together
configure:3534: gcc -c conftest.c -o conftest2.o
configure:3537: $? = 0
configure:3534: gcc -c conftest.c -o conftest2.o
configure:3537: $? = 0
configure:3549: result: yes
configure:3577: checking for style of include used by make
configure:3605: result: GNU
configure:3631: checking dependency style of gcc
configure:3742: result: gcc3
configure:3815: checking for g++
configure:3831: found /usr/bin/g++
configure:3842: result: g++
configure:3869: checking for C++ compiler version
configure:3878: g++ --version >&5
g++ (Ubuntu 7.3.0-27ubuntu1~18.04) 7.3.0
Copyright (C) 2017 Free Software Foundation, Inc.
This is free software; see the source for copying conditions.  There is NO
warranty; not even for MERCHANTABILITY or FITNESS FOR A PARTICULAR PURPOSE.

configure:3889: $? = 0
configure:3878: g++ -v >&5
Using built-in specs.
COLLECT_GCC=g++
COLLECT_LTO_WRAPPER=/usr/lib/gcc/x86_64-linux-gnu/7/lto-wrapper
OFFLOAD_TARGET_NAMES=nvptx-none
OFFLOAD_TARGET_DEFAULT=1
Target: x86_64-linux-gnu
Configured with: ../src/configure -v --with-pkgversion='Ubuntu 7.3.0-27ubuntu1~18.04' --with-bugurl=file:///usr/share/doc/gcc-7/README.Bugs --enable-languages=c,ada,c++,go,brig,d,fortran,objc,obj-c++ --prefix=/usr --with-gcc-major-version-only --program-suffix=-7 --program-prefix=x86_64-linux-gnu- --enable-shared --enable-linker-build-id --libexecdir=/usr/lib --without-included-gettext --enable-threads=posix --libdir=/usr/lib --enable-nls --with-sysroot=/ --enable-clocale=gnu --enable-libstdcxx-debug --enable-libstdcxx-time=yes --with-default-libstdcxx-abi=new --enable-gnu-unique-object --disable-vtable-verify --enable-libmpx --enable-plugin --enable-default-pie --with-system-zlib --with-target-system-zlib --enable-objc-gc=auto --enable-multiarch --disable-werror --with-arch-32=i686 --with-abi=m64 --with-multilib-list=m32,m64,mx32 --enable-multilib --with-tune=generic --enable-offload-targets=nvptx-none --without-cuda-driver --enable-checking=release --build=x86_64-linux-gnu --host=x86_64-linux-gnu --target=x86_64-linux-gnu
Thread model: posix
gcc version 7.3.0 (Ubuntu 7.3.0-27ubuntu1~18.04) 
configure:3889: $? = 0
configure:3878: g++ -V >&5
g++: error: unrecognized command line option '-V'
g++: fatal error: no input files
compilation terminated.
configure:3889: $? = 1
configure:3878: g++ -qversion >&5
g++: error: unrecognized command line option '-qversion'; did you mean '--version'?
g++: fatal error: no input files
compilation terminated.
configure:3889: $? = 1
configure:3893: checking whether we are using the GNU C++ compiler
configure:3912: g++ -c   conftest.cpp >&5
configure:3912: $? = 0
configure:3921: result: yes
configure:3930: checking whether g++ accepts -g
configure:3950: g++ -c -g  conftest.cpp >&5
configure:3950: $? = 0
configure:3991: result: yes
configure:4016: checking dependency style of g++
configure:4127: result: gcc3
configure:4146: checking whether to build for release
configure:4154: result: yes
configure:4169: checking whether to enable debugging
configure:4184: result: no
configure:4188: checking whether to enable networking
configure:4199: result: no
configure:4203: checking whether to use ALSA for MIDI output
configure:4214: result: no
configure:4218: checking for cpu
configure:4228: result: x86_64
configure:4279: checking for off64_t x86_64
configure:4293: gcc -o conftest -O3   conftest.c  >&5
conftest.c: In function 'main':
conftest.c:15:1: error: unknown type name 'off64_t'; did you mean 'off_t'?
 off64_t n=0;
 ^~~~~~~
 off_t
configure:4293: $? = 1
configure: failed program was:
| /* confdefs.h */
| #define PACKAGE_NAME "PCem"
| #define PACKAGE_TARNAME "pcem"
| #define PACKAGE_VERSION "v14"
| #define PACKAGE_STRING "PCem v14"
| #define PACKAGE_BUGREPORT "Sarah Walker <pcem@pcem-emulator.co.uk>"
| #define PACKAGE_URL ""
| #define PACKAGE "pcem"
| #define VERSION "v14"
| /* end confdefs.h.  */
| #include <sys/types.h>
| int
| main ()
| {
| off64_t n=0;
|   ;
|   return 0;
| }
configure:4305: result: no
configure:4400: checking for pkg-config
configure:4418: found /usr/bin/pkg-config
configure:4430: result: /usr/bin/pkg-config
configure:4455: checking pkg-config is at least version 0.9.0
configure:4458: result: yes
configure:4504: checking for SDL
configure:4511: $PKG_CONFIG --exists --print-errors "sdl2 >= $min_sdl_version"
configure:4514: $? = 0
configure:4528: $PKG_CONFIG --exists --print-errors "sdl2 >= $min_sdl_version"
configure:4531: $? = 0
configure:4569: result: yes
configure:4907: checking for wx-config
configure:4926: found /usr/bin/wx-config
configure:4939: result: /usr/bin/wx-config
configure:4954: checking for wxWidgets version >= 3.0.0
configure:5000: result: yes (version 3.0.4)
configure:5004: checking for wxWidgets static library
configure:5008: result: no
configure:5204: checking for pthread_create in -lpthread
configure:5229: gcc -o conftest -O3   conftest.c -lpthread   >&5
configure:5229: $? = 0
configure:5238: result: yes
configure:5359: checking for glGetError in -lGL
configure:5384: gcc -o conftest -O3   conftest.c -lGL  -lpthread  >&5
configure:5384: $? = 0
configure:5393: result: yes
configure:5408: checking for alGetError in -lopenal
configure:5433: gcc -o conftest -O3   conftest.c -lopenal  -lGL -lpthread  >&5
configure:5433: $? = 0
configure:5442: result: yes
configure:5848: checking that generated files are newer than configure
configure:5854: result: done
configure:5933: creating ./config.status

## ---------------------- ##
## Running config.status. ##
## ---------------------- ##

This file was extended by PCem config.status v14, which was
generated by GNU Autoconf 2.69.  Invocation command line was

  CONFIG_FILES    = 
  CONFIG_HEADERS  = 
  CONFIG_LINKS    = 
  CONFIG_COMMANDS = 
  $ ./config.status 

on martin-MS-7821

config.status:836: creating Makefile
config.status:836: creating src/Makefile
config.status:1008: executing depfiles commands

## ---------------- ##
## Cache variables. ##
## ---------------- ##

ac_cv_build=x86_64-unknown-linux-gnu
ac_cv_c_compiler_gnu=yes
ac_cv_cxx_compiler_gnu=yes
ac_cv_env_CCC_set=
ac_cv_env_CCC_value=
ac_cv_env_CC_set=
ac_cv_env_CC_value=
ac_cv_env_CFLAGS_set=
ac_cv_env_CFLAGS_value=
ac_cv_env_CPPFLAGS_set=
ac_cv_env_CPPFLAGS_value=
ac_cv_env_CXXFLAGS_set=
ac_cv_env_CXXFLAGS_value=
ac_cv_env_CXX_set=
ac_cv_env_CXX_value=
ac_cv_env_LDFLAGS_set=
ac_cv_env_LDFLAGS_value=
ac_cv_env_LIBS_set=
ac_cv_env_LIBS_value=
ac_cv_env_PKG_CONFIG_LIBDIR_set=
ac_cv_env_PKG_CONFIG_LIBDIR_value=
ac_cv_env_PKG_CONFIG_PATH_set=
ac_cv_env_PKG_CONFIG_PATH_value=
ac_cv_env_PKG_CONFIG_set=
ac_cv_env_PKG_CONFIG_value=
ac_cv_env_SDL2_FRAMEWORK_set=
ac_cv_env_SDL2_FRAMEWORK_value=
ac_cv_env_SDL_CFLAGS_set=
ac_cv_env_SDL_CFLAGS_value=
ac_cv_env_SDL_LIBS_set=
ac_cv_env_SDL_LIBS_value=
ac_cv_env_build_alias_set=
ac_cv_env_build_alias_value=
ac_cv_env_host_alias_set=
ac_cv_env_host_alias_value=
ac_cv_env_target_alias_set=
ac_cv_env_target_alias_value=
ac_cv_host=x86_64-unknown-linux-gnu
ac_cv_lib_GL_glGetError=yes
ac_cv_lib_openal_alGetError=yes
ac_cv_lib_pthread_pthread_create=yes
ac_cv_objext=o
ac_cv_path_WX_CONFIG_PATH=/usr/bin/wx-config
ac_cv_path_ac_pt_PKG_CONFIG=/usr/bin/pkg-config
ac_cv_path_install='/usr/bin/install -c'
ac_cv_path_mkdir=/bin/mkdir
ac_cv_prog_AWK=gawk
ac_cv_prog_ac_ct_CC=gcc
ac_cv_prog_ac_ct_CXX=g++
ac_cv_prog_cc_c89=
ac_cv_prog_cc_g=yes
ac_cv_prog_cxx_g=yes
ac_cv_prog_make_make_set=yes
am_cv_CC_dependencies_compiler_type=gcc3
am_cv_CXX_dependencies_compiler_type=gcc3
am_cv_make_support_nested_variables=yes
am_cv_prog_cc_c_o=yes
pkg_cv_SDL_CFLAGS='-D_REENTRANT -I/usr/include/SDL2'
pkg_cv_SDL_LIBS=-lSDL2

## ----------------- ##
## Output variables. ##
## ----------------- ##

ACLOCAL='${SHELL} /home/martin/pcem/porovnani/pcemv15/missing aclocal-1.15'
AMDEPBACKSLASH='\'
AMDEP_FALSE='#'
AMDEP_TRUE=''
AMTAR='$${TAR-tar}'
AM_BACKSLASH='\'
AM_DEFAULT_V='$(AM_DEFAULT_VERBOSITY)'
AM_DEFAULT_VERBOSITY='1'
AM_V='$(V)'
AUTOCONF='${SHELL} /home/martin/pcem/porovnani/pcemv15/missing autoconf'
AUTOHEADER='${SHELL} /home/martin/pcem/porovnani/pcemv15/missing autoheader'
AUTOMAKE='${SHELL} /home/martin/pcem/porovnani/pcemv15/missing automake-1.15'
AWK='gawk'
CC='gcc'
CCDEPMODE='depmode=gcc3'
CFLAGS='-O3'
CPPFLAGS=''
CPU_ARM64_FALSE=''
CPU_ARM64_TRUE='#'
CPU_ARM_FALSE=''
CPU_ARM_TRUE='#'
CPU_I386_FALSE=''
CPU_I386_TRUE='#'
CPU_X86_64_FALSE='#'
CPU_X86_64_TRUE=''
CXX='g++'
CXXDEPMODE='depmode=gcc3'
CXXFLAGS='-O3'
CYGPATH_W='echo'
DEFS='-DPACKAGE_NAME=\"PCem\" -DPACKAGE_TARNAME=\"pcem\" -DPACKAGE_VERSION=\"v14\" -DPACKAGE_STRING=\"PCem\ v14\" -DPACKAGE_BUGREPORT=\"Sarah\ Walker\ \<pcem@pcem-emulator.co.uk\>\" -DPACKAGE_URL=\"\" -DPACKAGE=\"pcem\" -DVERSION=\"v14\" -DHAVE_LIBPTHREAD=1 -DHAVE_LIBGL=1 -DHAVE_LIBOPENAL=1'
DEPDIR='.deps'
ECHO_C=''
ECHO_N='-n'
ECHO_T=''
EXEEXT=''
HAS_OFF64T_FALSE=''
HAS_OFF64T_TRUE='#'
INSTALL_DATA='${INSTALL} -m 644'
INSTALL_PROGRAM='${INSTALL}'
INSTALL_SCRIPT='${INSTALL}'
INSTALL_STRIP_PROGRAM='$(install_sh) -c -s'
LDFLAGS=''
LIBOBJS=''
LIBS='-lopenal -lGL -lpthread  -L/usr/lib/x86_64-linux-gnu -pthread   -lwx_gtk2u_xrc-3.0 -lwx_gtk2u_html-3.0 -lwx_gtk2u_qa-3.0 -lwx_gtk2u_adv-3.0 -lwx_gtk2u_core-3.0 -lwx_baseu_xml-3.0 -lwx_baseu_net-3.0 -lwx_baseu-3.0  -lSDL2'
LTLIBOBJS=''
MAKEINFO='${SHELL} /home/martin/pcem/porovnani/pcemv15/missing makeinfo'
MKDIR_P='/bin/mkdir -p'
OBJEXT='o'
OS_LINUX_FALSE='#'
OS_LINUX_TRUE=''
OS_MACOSX_FALSE=''
OS_MACOSX_TRUE='#'
OS_OTHER_FALSE=''
OS_OTHER_TRUE='#'
OS_WINDOWS_FALSE=''
OS_WINDOWS_TRUE='#'
PACKAGE='pcem'
PACKAGE_BUGREPORT='Sarah Walker <pcem@pcem-emulator.co.uk>'
PACKAGE_NAME='PCem'
PACKAGE_STRING='PCem v14'
PACKAGE_TARNAME='pcem'
PACKAGE_URL=''
PACKAGE_VERSION='v14'
PATH_SEPARATOR=':'
PKG_CONFIG='/usr/bin/pkg-config'
PKG_CONFIG_LIBDIR=''
PKG_CONFIG_PATH=''
RELEASE_BUILD_FALSE='#'
RELEASE_BUILD_TRUE=''
SDL2_CONFIG='pkg-config sdl2'
SDL2_FRAMEWORK=''
SDL_CFLAGS='-D_REENTRANT -I/usr/include/SDL2'
SDL_LIBS='-lSDL2'
SET_MAKE=''
SHELL='/bin/bash'
STRIP=''
USE_ALSA_FALSE=''
USE_ALSA_TRUE='#'
USE_NETWORKING_FALSE=''
USE_NETWORKING_TRUE='#'
USE_WX_FALSE=''
USE_WX_TRUE='#'
VERSION='v14'
WX_CFLAGS='-I/usr/lib/x86_64-linux-gnu/wx/include/gtk2-unicode-3.0 -I/usr/include/wx-3.0 -D_FILE_OFFSET_BITS=64 -DWXUSINGDLL -D__WXGTK__ -pthread'
WX_CFLAGS_ONLY='-pthread'
WX_CONFIG_PATH='/usr/bin/wx-config'
WX_CPPFLAGS='-I/usr/lib/x86_64-linux-gnu/wx/include/gtk2-unicode-3.0 -I/usr/include/wx-3.0 -D_FILE_OFFSET_BITS=64 -DWXUSINGDLL -D__WXGTK__'
WX_CXXFLAGS='-I/usr/lib/x86_64-linux-gnu/wx/include/gtk2-unicode-3.0 -I/usr/include/wx-3.0 -D_FILE_OFFSET_BITS=64 -DWXUSINGDLL -D__WXGTK__ -pthread'
WX_CXXFLAGS_ONLY=''
WX_LIBS='-L/usr/lib/x86_64-linux-gnu -pthread   -lwx_gtk2u_xrc-3.0 -lwx_gtk2u_html-3.0 -lwx_gtk2u_qa-3.0 -lwx_gtk2u_adv-3.0 -lwx_gtk2u_core-3.0 -lwx_baseu_xml-3.0 -lwx_baseu_net-3.0 -lwx_baseu-3.0 '
WX_LIBS_STATIC=''
WX_RESCOMP=''
WX_VERSION='3.0.4'
WX_VERSION_MAJOR='3'
WX_VERSION_MICRO='4'
WX_VERSION_MINOR='0'
ac_ct_CC='gcc'
ac_ct_CXX='g++'
am__EXEEXT_FALSE=''
am__EXEEXT_TRUE='#'
am__fastdepCC_FALSE='#'
am__fastdepCC_TRUE=''
am__fastdepCXX_FALSE='#'
am__fastdepCXX_TRUE=''
am__include='include'
am__isrc=''
am__leading_dot='.'
am__nodep='_no'
am__quote=''
am__tar='$${TAR-tar} chof - "$$tardir"'
am__untar='$${TAR-tar} xf -'
bindir='${exec_prefix}/bin'
build='x86_64-unknown-linux-gnu'
build_alias=''
build_cpu='x86_64'
build_os='linux-gnu'
build_vendor='unknown'
datadir='${datarootdir}'
datarootdir='${prefix}/share'
docdir='${datarootdir}/doc/${PACKAGE_TARNAME}'
dvidir='${docdir}'
exec_prefix='${prefix}'
host='x86_64-unknown-linux-gnu'
host_alias=''
host_cpu='x86_64'
host_os='linux-gnu'
host_vendor='unknown'
htmldir='${docdir}'
includedir='${prefix}/include'
infodir='${datarootdir}/info'
install_sh='${SHELL} /home/martin/pcem/porovnani/pcemv15/install-sh'
libdir='${exec_prefix}/lib'
libexecdir='${exec_prefix}/libexec'
localedir='${datarootdir}/locale'
localstatedir='${prefix}/var'
mandir='${datarootdir}/man'
mkdir_p='$(MKDIR_P)'
oldincludedir='/usr/include'
pdfdir='${docdir}'
prefix='/usr/local'
program_transform_name='s,x,x,'
psdir='${docdir}'
runstatedir='${localstatedir}/run'
sbindir='${exec_prefix}/sbin'
sharedstatedir='${prefix}/com'
sysconfdir='${prefix}/etc'
target_alias=''

## ----------- ##
## confdefs.h. ##
## ----------- ##

/* confdefs.h */
#define PACKAGE_NAME "PCem"
#define PACKAGE_TARNAME "pcem"
#define PACKAGE_VERSION "v14"
#define PACKAGE_STRING "PCem v14"
#define PACKAGE_BUGREPORT "Sarah Walker <pcem@pcem-emulator.co.uk>"
#define PACKAGE_URL ""
#define PACKAGE "pcem"
#define VERSION "v14"
#define HAVE_LIBPTHREAD 1
#define HAVE_LIBGL 1
#define HAVE_LIBOPENAL 1

configure: exit 0
